<?xml version="1.0" encoding="UTF-8"?>
<Site BuildName="Linux-g++"
	BuildStamp="20230729-2125-Experimental"
	Name="myManStan"
	Generator="ctest-3.24.2"
	CompilerName="/usr/bin/g++"
	CompilerVersion="12.2.0"
	OSName="Linux"
	Hostname="myManStan"
	OSRelease="5.19.0-46-generic"
	OSVersion="#47-Ubuntu SMP PREEMPT_DYNAMIC Fri Jun 16 13:30:11 UTC 2023"
	OSPlatform="x86_64"
	Is64Bits="1"
	VendorString="GenuineIntel"
	VendorID="Intel Corporation"
	FamilyID="6"
	ModelID="42"
	ProcessorCacheSize="3072"
	NumberOfLogicalCPU="4"
	NumberOfPhysicalCPU="2"
	TotalVirtualMemory="2047"
	TotalPhysicalMemory="7820"
	LogicalProcessorsPerPhysical="2"
	ProcessorClockFrequency="2791.2"
	>
	<Testing>
		<StartDateTime>Jul 29 14:50 PDT</StartDateTime>
		<StartTestTime>1690667441</StartTestTime>
		<TestList/>
		<EndDateTime>Jul 29 14:50 PDT</EndDateTime>
		<EndTestTime>1690667441</EndTestTime>
		<ElapsedMinutes>0</ElapsedMinutes>
	</Testing>
</Site>
